<?xml version="1.0" encoding="UTF-8" ?>
<testsuite errors="0" failures="0" hostname="J-PC" name="com.athlet.tests.PointsCounterTest" tests="1" time="0.153" timestamp="2010-05-26T23:15:13">
  <properties>
[...]
</properties>
  <testcase classname="com.athlet.tests.PointsCounterTest" name="testGetContents" time="0.029" />
  <system-out><![CDATA[Sportsmen [name=Erki Nool, results=
	Result [seconds=10.22, score=1042]
	Result [meters=8.22, score=1117]
	Result [meters=19.17, score=1048]
	Result [meters=2.27, score=1061]
	Result [seconds=45.68, score=1025]
	Result [seconds=13.47, score=1044]
	Result [meters=55.87, score=993]
	Result [meters=5.76, score=1152]
	Result [meters=79.8, score=1040]
	Result [seconds=238.7, score=963]
Total: 10485
]
]]></system-out>
  <system-err><![CDATA[]]></system-err>
</testsuite>
